<?xml version="1.0" encoding="UTF-8"?>
<!-- Generated by org.testng.reporters.JUnitReportReporter -->
<testsuite hostname="LAPTOP-S9NJEJJB" failures="0" tests="1" name="TestngScenarios.Webhandling" time="27.017" errors="0" timestamp="2021-07-12T16:07:48 IST" skipped="0">
  <testcase classname="TestngScenarios.Webhandling" name="webhandling" time="27.017"/>
  <system-out/>
</testsuite> <!-- TestngScenarios.Webhandling -->
